[debug] [2021-09-24T07:32:56.359Z] ----------------------------------------------------------------------
[debug] [2021-09-24T07:32:56.361Z] Command:       C:\Program Files\nodejs\node.exe C:\Users\A647998\AppData\Roaming\npm\node_modules\firebase-tools\lib\bin\firebase.js deploy --only hosting:njbudgetfront
[debug] [2021-09-24T07:32:56.361Z] CLI Version:   9.18.0
[debug] [2021-09-24T07:32:56.361Z] Platform:      win32
[debug] [2021-09-24T07:32:56.361Z] Node Version:  v14.17.5
[debug] [2021-09-24T07:32:56.372Z] Time:          Fri Sep 24 2021 09:32:56 GMT+0200 (heure d’été d’Europe centrale)
[debug] [2021-09-24T07:32:56.372Z] ----------------------------------------------------------------------
[debug] 
[debug] [2021-09-24T07:32:56.425Z] > command requires scopes: ["email","openid","https://www.googleapis.com/auth/cloudplatformprojects.readonly","https://www.googleapis.com/auth/firebase","https://www.googleapis.com/auth/cloud-platform"]
[debug] [2021-09-24T07:32:56.426Z] > authorizing via signed-in user (raoule.ecard@gmail.com)
[debug] [2021-09-24T07:32:56.426Z] [iam] checking project njbudgetfront for permissions ["firebase.projects.get","firebasehosting.sites.update"]
[debug] [2021-09-24T07:32:56.428Z] >>> HTTP REQUEST POST https://cloudresourcemanager.googleapis.com/v1/projects/njbudgetfront:testIamPermissions  
 {"permissions":["firebase.projects.get","firebasehosting.sites.update"]}
[debug] [2021-09-24T07:33:17.554Z] [iam] error while checking permissions, command may fail: FirebaseError: Server Error. connect ETIMEDOUT 74.125.206.95:443
[debug] [2021-09-24T07:33:17.557Z] > refreshing access token with scopes: []
[debug] [2021-09-24T07:33:17.558Z] >>> HTTP REQUEST POST https://www.googleapis.com/oauth2/v3/token  
 <request body omitted>
[debug] [2021-09-24T07:33:38.617Z] Authentication Error: Your credentials are no longer valid. Please run firebase login --reauth

For CI servers and headless environments, generate a new token with firebase login:ci
[debug] [2021-09-24T07:33:38.621Z] FirebaseError: Authentication Error: Your credentials are no longer valid. Please run firebase login --reauth

For CI servers and headless environments, generate a new token with firebase login:ci
    at invalidCredentialError (C:\Users\A647998\AppData\Roaming\npm\node_modules\firebase-tools\lib\auth.js:141:12)
    at refreshTokens (C:\Users\A647998\AppData\Roaming\npm\node_modules\firebase-tools\lib\auth.js:448:15)
    at processTicksAndRejections (internal/process/task_queues.js:95:5)
    at async Client.getAccessToken (C:\Users\A647998\AppData\Roaming\npm\node_modules\firebase-tools\lib\apiv2.js:144:23)
    at async Client.addAuthHeader (C:\Users\A647998\AppData\Roaming\npm\node_modules\firebase-tools\lib\apiv2.js:135:21)
    at async Client.request (C:\Users\A647998\AppData\Roaming\npm\node_modules\firebase-tools\lib\apiv2.js:93:34)
    at async Object.getFirebaseProject (C:\Users\A647998\AppData\Roaming\npm\node_modules\firebase-tools\lib\management\projects.js:290:21)
    at async Object.getDefaultHostingSite (C:\Users\A647998\AppData\Roaming\npm\node_modules\firebase-tools\lib\getDefaultHostingSite.js:8:21)
    at async requireHostingSite (C:\Users\A647998\AppData\Roaming\npm\node_modules\firebase-tools\lib\requireHostingSite.js:9:18)
    at async Object.fn (C:\Users\A647998\AppData\Roaming\npm\node_modules\firebase-tools\lib\commands\deploy.js:65:9)
    at async C:\Users\A647998\AppData\Roaming\npm\node_modules\firebase-tools\lib\command.js:188:17
[error] 
[error] Error: Failed to get Firebase project njbudgetfront. Please make sure the project exists and your account has permission to access it.
